# JRE version: OpenJDK Runtime Environment Temurin-11.0.14.1+1 (11.0.14.1+1) (build 11.0.14.1+1)
# Java VM: OpenJDK 64-Bit Server VM Temurin-11.0.14.1+1 (11.0.14.1+1, mixed mode, tiered, compressed oops, g1 gc, windows-amd64)
Heap:
 garbage-first heap   total 57344K, used 1460K [0x00000000c9e00000, 0x0000000100000000)
  region size 1024K, 2 young (2048K), 2 survivors (2048K)
 Metaspace       used 5516K, capacity 5579K, committed 5632K, reserved 1087488K
  class space    used 461K, capacity 497K, committed 512K, reserved 1048576K
GC Heap History (6 events):
Event: 0.262 GC heap before
{Heap before GC invocations=0 (full 0):
 garbage-first heap   total 57344K, used 2048K [0x00000000c9e00000, 0x0000000100000000)
  region size 1024K, 3 young (3072K), 0 survivors (0K)
 Metaspace       used 4967K, capacity 5032K, committed 5120K, reserved 1073152K
  class space    used 423K, capacity 464K, committed 512K, reserved 1048576K
}
Event: 0.267 GC heap after
{Heap after GC invocations=1 (full 0):
 garbage-first heap   total 57344K, used 1344K [0x00000000c9e00000, 0x0000000100000000)
  region size 1024K, 2 young (2048K), 2 survivors (2048K)
 Metaspace       used 4967K, capacity 5032K, committed 5120K, reserved 1073152K
  class space    used 423K, capacity 464K, committed 512K, reserved 1048576K
}
Event: 0.278 GC heap before
{Heap before GC invocations=2 (full 0):
 garbage-first heap   total 57344K, used 1344K [0x00000000c9e00000, 0x0000000100000000)
  region size 1024K, 3 young (3072K), 2 survivors (2048K)
 Metaspace       used 5238K, capacity 5320K, committed 5376K, reserved 1079296K
  class space    used 438K, capacity 496K, committed 512K, reserved 1048576K
}
Event: 0.280 GC heap after
{Heap after GC invocations=3 (full 0):
 garbage-first heap   total 57344K, used 1392K [0x00000000c9e00000, 0x0000000100000000)
  region size 1024K, 2 young (2048K), 2 survivors (2048K)
 Metaspace       used 5238K, capacity 5320K, committed 5376K, reserved 1079296K
  class space    used 438K, capacity 496K, committed 512K, reserved 1048576K
}
Event: 0.289 GC heap before
{Heap before GC invocations=4 (full 0):
 garbage-first heap   total 57344K, used 1392K [0x00000000c9e00000, 0x0000000100000000)
  region size 1024K, 3 young (3072K), 2 survivors (2048K)
 Metaspace       used 5516K, capacity 5579K, committed 5632K, reserved 1085440K
  class space    used 461K, capacity 497K, committed 512K, reserved 1048576K
}
Event: 0.291 GC heap after
{Heap after GC invocations=5 (full 0):
 garbage-first heap   total 57344K, used 1460K [0x00000000c9e00000, 0x0000000100000000)
  region size 1024K, 2 young (2048K), 2 survivors (2048K)
 Metaspace       used 5516K, capacity 5579K, committed 5632K, reserved 1085440K
  class space    used 461K, capacity 497K, committed 512K, reserved 1048576K
}

